-------------------------------------------------------------------------------
Test set: guru.sfg.beer.inventory.service.BeerInventoryApplicationTests
-------------------------------------------------------------------------------
Tests run: 1, Failures: 0, Errors: 0, Skipped: 0, Time elapsed: 8.422 s - in guru.sfg.beer.inventory.service.BeerInventoryApplicationTests
Tests run: 1, Failures: 0, Errors: 0, Skipped: 0, Time elapsed: 7.069 s - in guru.sfg.beer.inventory.service.BeerInventoryApplicationTests
